<?xml version="1.0" encoding="UTF-8"?>
<testsuite name="it.challenge.user.ApplicationMainTests" tests="1" skipped="0" failures="0" errors="0" timestamp="2024-07-23T14:19:42" hostname="MacBook-Pro-di-Davide-3.local" time="0.06">
  <properties/>
  <testcase name="contextLoads()" classname="it.challenge.user.ApplicationMainTests" time="0.06"/>
  <system-out><![CDATA[16:19:41.032 [Test worker] INFO org.springframework.test.context.support.AnnotationConfigContextLoaderUtils -- Could not detect default configuration classes for test class [it.challenge.user.ApplicationMainTests]: ApplicationMainTests does not declare any static, non-private, non-final, nested classes annotated with @Configuration.
16:19:41.079 [Test worker] INFO org.springframework.boot.test.context.SpringBootTestContextBootstrapper -- Found @SpringBootConfiguration it.challenge.user.ApplicationMain for test class it.challenge.user.ApplicationMainTests

  .   ____          _            __ _ _
 /\\ / ___'_ __ _ _(_)_ __  __ _ \ \ \ \
( ( )\___ | '_ | '_| | '_ \/ _` | \ \ \ \
 \\/  ___)| |_)| | | | | || (_| |  ) ) ) )
  '  |____| .__|_| |_|_| |_\__, | / / / /
 =========|_|==============|___/=/_/_/_/

 :: Spring Boot ::                (v3.3.1)

2024-07-23T16:19:41.233+02:00  INFO 28632 --- [user-ms] [    Test worker] it.challenge.user.ApplicationMainTests   : Starting ApplicationMainTests using Java 17.0.5 with PID 28632 (started by davideventriglia in /Users/davideventriglia/Documents/workspace-challenges/user-ms)
2024-07-23T16:19:41.234+02:00  INFO 28632 --- [user-ms] [    Test worker] it.challenge.user.ApplicationMainTests   : The following 1 profile is active: "test"
2024-07-23T16:19:41.566+02:00  INFO 28632 --- [user-ms] [    Test worker] .s.d.r.c.RepositoryConfigurationDelegate : Bootstrapping Spring Data JPA repositories in DEFAULT mode.
2024-07-23T16:19:41.590+02:00  INFO 28632 --- [user-ms] [    Test worker] .s.d.r.c.RepositoryConfigurationDelegate : Finished Spring Data repository scanning in 21 ms. Found 1 JPA repository interface.
2024-07-23T16:19:41.736+02:00  INFO 28632 --- [user-ms] [    Test worker] com.zaxxer.hikari.HikariDataSource       : HikariPool-1 - Starting...
2024-07-23T16:19:41.817+02:00  INFO 28632 --- [user-ms] [    Test worker] com.zaxxer.hikari.pool.HikariPool        : HikariPool-1 - Added connection conn0: url=jdbc:h2:mem:testdb user=SA
2024-07-23T16:19:41.818+02:00  INFO 28632 --- [user-ms] [    Test worker] com.zaxxer.hikari.HikariDataSource       : HikariPool-1 - Start completed.
2024-07-23T16:19:41.864+02:00  INFO 28632 --- [user-ms] [    Test worker] o.hibernate.jpa.internal.util.LogHelper  : HHH000204: Processing PersistenceUnitInfo [name: default]
2024-07-23T16:19:41.886+02:00  INFO 28632 --- [user-ms] [    Test worker] org.hibernate.Version                    : HHH000412: Hibernate ORM core version 6.5.2.Final
2024-07-23T16:19:41.900+02:00  INFO 28632 --- [user-ms] [    Test worker] o.h.c.internal.RegionFactoryInitiator    : HHH000026: Second-level cache disabled
2024-07-23T16:19:42.020+02:00  INFO 28632 --- [user-ms] [    Test worker] o.s.o.j.p.SpringPersistenceUnitInfo      : No LoadTimeWeaver setup: ignoring JPA class transformer
2024-07-23T16:19:42.040+02:00  WARN 28632 --- [user-ms] [    Test worker] org.hibernate.orm.deprecation            : HHH90000025: H2Dialect does not need to be specified explicitly using 'hibernate.dialect' (remove the property setting and it will be selected by default)
2024-07-23T16:19:42.375+02:00  INFO 28632 --- [user-ms] [    Test worker] o.h.e.t.j.p.i.JtaPlatformInitiator       : HHH000489: No JTA platform available (set 'hibernate.transaction.jta.platform' to enable JTA platform integration)
2024-07-23T16:19:42.387+02:00  INFO 28632 --- [user-ms] [    Test worker] j.LocalContainerEntityManagerFactoryBean : Initialized JPA EntityManagerFactory for persistence unit 'default'
2024-07-23T16:19:42.634+02:00  WARN 28632 --- [user-ms] [    Test worker] JpaBaseConfiguration$JpaWebConfiguration : spring.jpa.open-in-view is enabled by default. Therefore, database queries may be performed during view rendering. Explicitly configure spring.jpa.open-in-view to disable this warning
2024-07-23T16:19:42.844+02:00  INFO 28632 --- [user-ms] [    Test worker] it.challenge.user.ApplicationMainTests   : Started ApplicationMainTests in 1.706 seconds (process running for 2.188)
]]></system-out>
  <system-err><![CDATA[]]></system-err>
</testsuite>
