<?xml version="1.0" encoding="UTF-8"?>
<testsuite name="it.challenge.user.repository.UserRepositoryTest" tests="5" skipped="0" failures="0" errors="0" timestamp="2024-07-23T14:19:43" hostname="MacBook-Pro-di-Davide-3.local" time="0.109">
  <properties/>
  <testcase name="testFindByFirstNameIgnoreCase()" classname="it.challenge.user.repository.UserRepositoryTest" time="0.088"/>
  <testcase name="testFindByEmail()" classname="it.challenge.user.repository.UserRepositoryTest" time="0.005"/>
  <testcase name="testFindByLastNameIgnoreCase()" classname="it.challenge.user.repository.UserRepositoryTest" time="0.003"/>
  <testcase name="testFindByFirstNameIgnoreCaseAndLastNameIgnoreCase()" classname="it.challenge.user.repository.UserRepositoryTest" time="0.004"/>
  <testcase name="testDeleteByEmail()" classname="it.challenge.user.repository.UserRepositoryTest" time="0.007"/>
  <system-out><![CDATA[2024-07-23T16:19:43.155+02:00  INFO 28632 --- [user-ms] [    Test worker] t.c.s.AnnotationConfigContextLoaderUtils : Could not detect default configuration classes for test class [it.challenge.user.repository.UserRepositoryTest]: UserRepositoryTest does not declare any static, non-private, non-final, nested classes annotated with @Configuration.
2024-07-23T16:19:43.162+02:00  INFO 28632 --- [user-ms] [    Test worker] .b.t.c.SpringBootTestContextBootstrapper : Found @SpringBootConfiguration it.challenge.user.ApplicationMain for test class it.challenge.user.repository.UserRepositoryTest

  .   ____          _            __ _ _
 /\\ / ___'_ __ _ _(_)_ __  __ _ \ \ \ \
( ( )\___ | '_ | '_| | '_ \/ _` | \ \ \ \
 \\/  ___)| |_)| | | | | || (_| |  ) ) ) )
  '  |____| .__|_| |_|_| |_\__, | / / / /
 =========|_|==============|___/=/_/_/_/

 :: Spring Boot ::                (v3.3.1)

2024-07-23T16:19:43.173+02:00  INFO 28632 --- [user-ms] [    Test worker] i.c.user.repository.UserRepositoryTest   : Starting UserRepositoryTest using Java 17.0.5 with PID 28632 (started by davideventriglia in /Users/davideventriglia/Documents/workspace-challenges/user-ms)
2024-07-23T16:19:43.173+02:00  INFO 28632 --- [user-ms] [    Test worker] i.c.user.repository.UserRepositoryTest   : The following 1 profile is active: "test"
2024-07-23T16:19:43.204+02:00  INFO 28632 --- [user-ms] [    Test worker] .s.d.r.c.RepositoryConfigurationDelegate : Bootstrapping Spring Data JPA repositories in DEFAULT mode.
2024-07-23T16:19:43.209+02:00  INFO 28632 --- [user-ms] [    Test worker] .s.d.r.c.RepositoryConfigurationDelegate : Finished Spring Data repository scanning in 4 ms. Found 1 JPA repository interface.
2024-07-23T16:19:43.215+02:00  INFO 28632 --- [user-ms] [    Test worker] beddedDataSourceBeanFactoryPostProcessor : Replacing 'dataSource' DataSource bean with embedded version
2024-07-23T16:19:43.223+02:00  INFO 28632 --- [user-ms] [    Test worker] o.s.j.d.e.EmbeddedDatabaseFactory        : Starting embedded database: url='jdbc:h2:mem:e99a46aa-9c4c-4510-bf8a-7f01fb18beec;DB_CLOSE_DELAY=-1;DB_CLOSE_ON_EXIT=false', username='sa'
2024-07-23T16:19:43.234+02:00  INFO 28632 --- [user-ms] [    Test worker] o.hibernate.jpa.internal.util.LogHelper  : HHH000204: Processing PersistenceUnitInfo [name: default]
2024-07-23T16:19:43.236+02:00  INFO 28632 --- [user-ms] [    Test worker] o.h.c.internal.RegionFactoryInitiator    : HHH000026: Second-level cache disabled
2024-07-23T16:19:43.240+02:00  INFO 28632 --- [user-ms] [    Test worker] o.s.o.j.p.SpringPersistenceUnitInfo      : No LoadTimeWeaver setup: ignoring JPA class transformer
2024-07-23T16:19:43.241+02:00  WARN 28632 --- [user-ms] [    Test worker] org.hibernate.orm.deprecation            : HHH90000025: H2Dialect does not need to be specified explicitly using 'hibernate.dialect' (remove the property setting and it will be selected by default)
2024-07-23T16:19:43.259+02:00  INFO 28632 --- [user-ms] [    Test worker] o.h.e.t.j.p.i.JtaPlatformInitiator       : HHH000489: No JTA platform available (set 'hibernate.transaction.jta.platform' to enable JTA platform integration)
Hibernate: drop table if exists users cascade 
Hibernate: create table users (id integer generated by default as identity, insert_date timestamp(6) not null, update_date timestamp(6) not null, address varchar(255), email varchar(255) not null unique, first_name varchar(255) not null, last_name varchar(255) not null, primary key (id))
2024-07-23T16:19:43.261+02:00  INFO 28632 --- [user-ms] [    Test worker] j.LocalContainerEntityManagerFactoryBean : Initialized JPA EntityManagerFactory for persistence unit 'default'
2024-07-23T16:19:43.283+02:00  INFO 28632 --- [user-ms] [    Test worker] i.c.user.repository.UserRepositoryTest   : Started UserRepositoryTest in 0.119 seconds (process running for 2.627)
Hibernate: insert into users (address,email,first_name,insert_date,last_name,update_date,id) values (?,?,?,?,?,?,default)
Hibernate: select u1_0.id,u1_0.address,u1_0.email,u1_0.first_name,u1_0.insert_date,u1_0.last_name,u1_0.update_date from users u1_0 where upper(u1_0.first_name)=upper(?)
Hibernate: insert into users (address,email,first_name,insert_date,last_name,update_date,id) values (?,?,?,?,?,?,default)
Hibernate: select u1_0.id,u1_0.address,u1_0.email,u1_0.first_name,u1_0.insert_date,u1_0.last_name,u1_0.update_date from users u1_0 where u1_0.email=?
Hibernate: insert into users (address,email,first_name,insert_date,last_name,update_date,id) values (?,?,?,?,?,?,default)
Hibernate: select u1_0.id,u1_0.address,u1_0.email,u1_0.first_name,u1_0.insert_date,u1_0.last_name,u1_0.update_date from users u1_0 where upper(u1_0.last_name)=upper(?)
Hibernate: insert into users (address,email,first_name,insert_date,last_name,update_date,id) values (?,?,?,?,?,?,default)
Hibernate: select u1_0.id,u1_0.address,u1_0.email,u1_0.first_name,u1_0.insert_date,u1_0.last_name,u1_0.update_date from users u1_0 where upper(u1_0.first_name)=upper(?) and upper(u1_0.last_name)=upper(?)
Hibernate: insert into users (address,email,first_name,insert_date,last_name,update_date,id) values (?,?,?,?,?,?,default)
Hibernate: select u1_0.id,u1_0.address,u1_0.email,u1_0.first_name,u1_0.insert_date,u1_0.last_name,u1_0.update_date from users u1_0 where u1_0.email=?
Hibernate: delete from users where id=?
Hibernate: select u1_0.id,u1_0.address,u1_0.email,u1_0.first_name,u1_0.insert_date,u1_0.last_name,u1_0.update_date from users u1_0 where u1_0.email=?
]]></system-out>
  <system-err><![CDATA[]]></system-err>
</testsuite>
