<?xml version="1.0" encoding="UTF-8"?>
<testsuite name="it.challenge.user.controller.UserControllerTest" tests="7" skipped="0" failures="0" errors="0" timestamp="2024-07-23T14:19:43" hostname="MacBook-Pro-di-Davide-3.local" time="0.113">
  <properties/>
  <testcase name="testGetUserByEmail()" classname="it.challenge.user.controller.UserControllerTest" time="0.076"/>
  <testcase name="testSearchUsers()" classname="it.challenge.user.controller.UserControllerTest" time="0.007"/>
  <testcase name="testUpdateUser()" classname="it.challenge.user.controller.UserControllerTest" time="0.015"/>
  <testcase name="testCreateUser()" classname="it.challenge.user.controller.UserControllerTest" time="0.002"/>
  <testcase name="testImportFromCsv_EmptyFile()" classname="it.challenge.user.controller.UserControllerTest" time="0.004"/>
  <testcase name="testDeleteUser()" classname="it.challenge.user.controller.UserControllerTest" time="0.002"/>
  <testcase name="testImportFromCsv_ValidFile()" classname="it.challenge.user.controller.UserControllerTest" time="0.002"/>
  <system-out><![CDATA[2024-07-23T16:19:42.915+02:00  INFO 28632 --- [user-ms] [    Test worker] t.c.s.AnnotationConfigContextLoaderUtils : Could not detect default configuration classes for test class [it.challenge.user.controller.UserControllerTest]: UserControllerTest does not declare any static, non-private, non-final, nested classes annotated with @Configuration.
2024-07-23T16:19:42.926+02:00  INFO 28632 --- [user-ms] [    Test worker] .b.t.c.SpringBootTestContextBootstrapper : Found @SpringBootConfiguration it.challenge.user.ApplicationMain for test class it.challenge.user.controller.UserControllerTest

  .   ____          _            __ _ _
 /\\ / ___'_ __ _ _(_)_ __  __ _ \ \ \ \
( ( )\___ | '_ | '_| | '_ \/ _` | \ \ \ \
 \\/  ___)| |_)| | | | | || (_| |  ) ) ) )
  '  |____| .__|_| |_|_| |_\__, | / / / /
 =========|_|==============|___/=/_/_/_/

 :: Spring Boot ::                (v3.3.1)

2024-07-23T16:19:42.937+02:00  INFO 28632 --- [user-ms] [    Test worker] i.c.user.controller.UserControllerTest   : Starting UserControllerTest using Java 17.0.5 with PID 28632 (started by davideventriglia in /Users/davideventriglia/Documents/workspace-challenges/user-ms)
2024-07-23T16:19:42.937+02:00  INFO 28632 --- [user-ms] [    Test worker] i.c.user.controller.UserControllerTest   : The following 1 profile is active: "test"
2024-07-23T16:19:43.033+02:00  INFO 28632 --- [user-ms] [    Test worker] o.s.b.t.m.w.SpringBootMockServletContext : Initializing Spring TestDispatcherServlet ''
2024-07-23T16:19:43.034+02:00  INFO 28632 --- [user-ms] [    Test worker] o.s.t.web.servlet.TestDispatcherServlet  : Initializing Servlet ''
2024-07-23T16:19:43.034+02:00  INFO 28632 --- [user-ms] [    Test worker] o.s.t.web.servlet.TestDispatcherServlet  : Completed initialization in 0 ms
2024-07-23T16:19:43.038+02:00  INFO 28632 --- [user-ms] [    Test worker] i.c.user.controller.UserControllerTest   : Started UserControllerTest in 0.11 seconds (process running for 2.382)
]]></system-out>
  <system-err><![CDATA[]]></system-err>
</testsuite>
